d:\visual\projects\herbert_schildt\herbert_schildt\debug\vc142.pdb
d:\visual\projects\herbert_schildt\herbert_schildt\debug\vc142.idb
d:\visual\projects\herbert_schildt\herbert_schildt\debug\herbert_schildt.obj
d:\visual\projects\herbert_schildt\herbert_schildt\debug\dyn_init.obj
d:\visual\projects\herbert_schildt\herbert_schildt\debug\source_1.obj
d:\visual\projects\herbert_schildt\herbert_schildt\debug\source_2.obj
d:\visual\projects\herbert_schildt\herbert_schildt\debug\this.obj
d:\visual\projects\herbert_schildt\herbert_schildt\debug\source_3.obj
d:\visual\projects\herbert_schildt\herbert_schildt\debug\herbert_schildt (timer).obj
d:\visual\projects\herbert_schildt\herbert_schildt\debug\source_4.obj
d:\visual\projects\herbert_schildt\herbert_schildt\debug\source.obj
d:\visual\projects\herbert_schildt\herbert_schildt\debug\source_6.obj
d:\visual\projects\herbert_schildt\herbert_schildt\debug\source_5.obj
d:\visual\projects\herbert_schildt\herbert_schildt\debug\herbert_schildt.exe
d:\visual\projects\herbert_schildt\herbert_schildt\debug\herbert_schildt.ilk
d:\visual\projects\herbert_schildt\herbert_schildt\debug\herbert_schildt.pdb
d:\visual\projects\herbert_schildt\herbert_schildt\debug\source_5.obj.enc
d:\visual\projects\herbert_schildt\herbert_schildt\debug\herbert_schildt.tlog\cl.command.1.tlog
d:\visual\projects\herbert_schildt\herbert_schildt\debug\herbert_schildt.tlog\cl.read.1.tlog
d:\visual\projects\herbert_schildt\herbert_schildt\debug\herbert_schildt.tlog\cl.write.1.tlog
d:\visual\projects\herbert_schildt\herbert_schildt\debug\herbert_schildt.tlog\link.command.1.tlog
d:\visual\projects\herbert_schildt\herbert_schildt\debug\herbert_schildt.tlog\link.read.1.tlog
d:\visual\projects\herbert_schildt\herbert_schildt\debug\herbert_schildt.tlog\link.write.1.tlog
